#
# A fatal error has been detected by the Java Runtime Environment:
#
#  EXCEPTION_ACCESS_VIOLATION (0xc0000005) at pc=0x0000000053928f59, pid=3128, tid=9032
#
# JRE version: Java(TM) SE Runtime Environment (8.0_91-b14) (build 1.8.0_91-b14)
# Java VM: Java HotSpot(TM) 64-Bit Server VM (25.91-b14 mixed mode windows-amd64 compressed oops)
# Problematic frame:
# V  [jvm.dll+0x128f59]
#
# Failed to write core dump. Minidumps are not enabled by default on client versions of Windows
#
# If you would like to submit a bug report, please visit:
#   http://bugreport.java.com/bugreport/crash.jsp
#

---------------  T H R E A D  ---------------

Current thread (0x0000000017add000):  JavaThread "JDWP Transport Listener: dt_socket" daemon [_thread_in_vm, id=9032, stack(0x0000000019410000,0x0000000019510000)]

siginfo: ExceptionCode=0xc0000005, reading address 0xffffffffffffffff

Registers:
RAX=0x000000001950f401, RBX=0x000000001b206a60, RCX=0x000000001b206a60, RDX=0x000000001aecf040
RSP=0x000000001950f460, RBP=0x0000000019adf020, RSI=0x000000001950f578, RDI=0x0000000002f341a0
R8 =0x0000000017add000, R9 =0x0000000000000000, R10=0x0000000000000000, R11=0x0000000000000064
R12=0x0000000000000000, R13=0x0000000017ae8da8, R14=0x0000000000000000, R15=0x0000000000000000
RIP=0x0000000053928f59, EFLAGS=0x0000000000010212

Top of Stack: (sp=0x000000001950f460)
0x000000001950f460:   0000000017add000 0000000017add000
0x000000001950f470:   000000001950f528 0000000053b2f32b
0x000000001950f480:   0000000017add000 0000000053b4bb8d
0x000000001950f490:   0000000000000000 0000000051819155
0x000000001950f4a0:   00000000191d4990 000000005182291e
0x000000001950f4b0:   0000000017add000 0000000000000000
0x000000001950f4c0:   0000000000000000 0000000000000000
0x000000001950f4d0:   0000000019adf020 0000000051821a15
0x000000001950f4e0:   000000001950f578 000000001950f550
0x000000001950f4f0:   0000000000000001 00000000191d4990
0x000000001950f500:   0000000019adf020 00000000518053b3
0x000000001950f510:   000000001950f640 0000000000000001
0x000000001950f520:   0000000000000001 00000000191d4990
0x000000001950f530:   0000000000000001 0000000000000000
0x000000001950f540:   0000000000000000 0000000000000000
0x000000001950f550:   0000000000000001 0000000051805571 

Instructions: (pc=0x0000000053928f59)
0x0000000053928f39:   33 c0 48 83 c4 28 c3 48 89 5c 24 20 48 8b 19 48
0x0000000053928f49:   85 db 74 20 48 83 fb 37 74 1a 48 8b 13 48 8b cb
0x0000000053928f59:   ff 52 10 84 c0 74 0d 48 8b c3 48 8b 5c 24 20 48
0x0000000053928f69:   83 c4 28 c3 33 c0 48 8b 5c 24 20 48 83 c4 28 c3 


Register to memory mapping:

RAX=0x000000001950f401 is pointing into the stack for thread: 0x0000000017add000
RBX=0x000000001b206a60 is an unknown value
RCX=0x000000001b206a60 is an unknown value
RDX=0x000000001aecf040 is an unknown value
RSP=0x000000001950f460 is pointing into the stack for thread: 0x0000000017add000
RBP=0x0000000019adf020 is an unknown value
RSI=0x000000001950f578 is pointing into the stack for thread: 0x0000000017add000
RDI=0x0000000002f341a0 is an unknown value
R8 =0x0000000017add000 is a thread
R9 =0x0000000000000000 is an unknown value
R10=0x0000000000000000 is an unknown value
R11=0x0000000000000064 is an unknown value
R12=0x0000000000000000 is an unknown value
R13=0x0000000017ae8da8 is an unknown value
R14=0x0000000000000000 is an unknown value
R15=0x0000000000000000 is an unknown value


Stack: [0x0000000019410000,0x0000000019510000],  sp=0x000000001950f460,  free space=1021k
Native frames: (J=compiled Java code, j=interpreted, Vv=VM code, C=native code)
V  [jvm.dll+0x128f59]
V  [jvm.dll+0x34bb8d]
C  [jdwp.dll+0x21a15]
C  [jdwp.dll+0x53b3]
C  [jdwp.dll+0x5571]
C  [jdwp.dll+0xf0a8]
C  [jdwp.dll+0x1f2d5]
C  [jdwp.dll+0x1f4aa]
V  [jvm.dll+0x1bbf38]
V  [jvm.dll+0x243ae4]
V  [jvm.dll+0x29a99a]
C  [msvcr100.dll+0x21d9f]
C  [msvcr100.dll+0x21e3b]
C  [KERNEL32.DLL+0x8364]
C  [ntdll.dll+0x65e91]


---------------  P R O C E S S  ---------------

Java Threads: ( => current thread )
  0x000000001920e800 JavaThread "Service Thread" daemon [_thread_blocked, id=7420, stack(0x000000001a210000,0x000000001a310000)]
  0x000000001977d800 JavaThread "C1 CompilerThread2" daemon [_thread_blocked, id=5244, stack(0x000000001a110000,0x000000001a210000)]
  0x0000000019727800 JavaThread "C2 CompilerThread1" daemon [_thread_blocked, id=5916, stack(0x000000001a010000,0x000000001a110000)]
  0x0000000019727000 JavaThread "C2 CompilerThread0" daemon [_thread_blocked, id=10128, stack(0x0000000019f10000,0x000000001a010000)]
  0x0000000017af2800 JavaThread "JDWP Command Reader" daemon [_thread_in_native, id=2848, stack(0x0000000019610000,0x0000000019710000)]
  0x0000000017aeb800 JavaThread "JDWP Event Helper Thread" daemon [_thread_blocked, id=9564, stack(0x0000000019510000,0x0000000019610000)]
=>0x0000000017add000 JavaThread "JDWP Transport Listener: dt_socket" daemon [_thread_in_vm, id=9032, stack(0x0000000019410000,0x0000000019510000)]
  0x0000000017ac7800 JavaThread "Attach Listener" daemon [_thread_blocked, id=9608, stack(0x0000000019310000,0x0000000019410000)]
  0x0000000017ac6000 JavaThread "Signal Dispatcher" daemon [_thread_blocked, id=3320, stack(0x0000000019210000,0x0000000019310000)]
  0x0000000017aa0000 JavaThread "Finalizer" daemon [_thread_blocked, id=1376, stack(0x0000000018d10000,0x0000000018e10000)]
  0x0000000017a79000 JavaThread "Reference Handler" daemon [_thread_blocked, id=8928, stack(0x0000000018c10000,0x0000000018d10000)]
  0x0000000002f39000 JavaThread "main" [_thread_blocked, id=7896, stack(0x0000000002e30000,0x0000000002f30000)]

Other Threads:
  0x0000000017a78000 VMThread [stack: 0x0000000018b10000,0x0000000018c10000] [id=8392]
  0x0000000019806800 WatcherThread [stack: 0x000000001a310000,0x000000001a410000] [id=7568]

VM state:not at safepoint (normal execution)

VM Mutex/Monitor currently owned by a thread: None

Heap:
 PSYoungGen      total 30208K, used 11500K [0x00000000d6e00000, 0x00000000d9b80000, 0x0000000100000000)
  eden space 27136K, 32% used [0x00000000d6e00000,0x00000000d76b3ab8,0x00000000d8880000)
  from space 3072K, 84% used [0x00000000d8900000,0x00000000d8b878d8,0x00000000d8c00000)
  to   space 9728K, 0% used [0x00000000d9200000,0x00000000d9200000,0x00000000d9b80000)
 ParOldGen       total 45568K, used 13296K [0x0000000084a00000, 0x0000000087680000, 0x00000000d6e00000)
  object space 45568K, 29% used [0x0000000084a00000,0x00000000856fc2d8,0x0000000087680000)
 Metaspace       used 26023K, capacity 26352K, committed 26496K, reserved 1073152K
  class space    used 3341K, capacity 3449K, committed 3456K, reserved 1048576K

Card table byte_map: [0x0000000012500000,0x00000000128e0000] byte_map_base: 0x00000000120db000

Marking Bits: (ParMarkBitMap*) 0x0000000054012f70
 Begin Bits: [0x0000000012f80000, 0x0000000014e58000)
 End Bits:   [0x0000000014e58000, 0x0000000016d30000)

Polling page: 0x0000000000c40000

CodeCache: size=245760Kb used=5087Kb max_used=5103Kb free=240672Kb
 bounds [0x0000000003140000, 0x0000000003650000, 0x0000000012140000]
 total_blobs=1723 nmethods=1355 adapters=288
 compilation: enabled

Compilation events (10 events):
Event: 77.992 Thread 0x000000001977d800 1553       3       sun.net.www.protocol.jar.URLJarFile::finalize (5 bytes)
Event: 77.992 Thread 0x000000001977d800 nmethod 1553 0x0000000003282110 code [0x00000000032822a0, 0x0000000003282538]
Event: 77.993 Thread 0x000000001977d800 1552       3       java.util.zip.Inflater::finalize (5 bytes)
Event: 77.993 Thread 0x000000001977d800 nmethod 1552 0x00000000032e2350 code [0x00000000032e24c0, 0x00000000032e2648]
Event: 77.993 Thread 0x0000000019727000 nmethod 1546 0x00000000032e3a50 code [0x00000000032e3bc0, 0x00000000032e4168]
Event: 77.993 Thread 0x0000000019727000 1551       4       java.lang.ref.ReferenceQueue::remove (6 bytes)
Event: 77.996 Thread 0x0000000019727800 nmethod 1545 0x000000000355ec50 code [0x000000000355ee00, 0x000000000355f8a8]
Event: 77.996 Thread 0x0000000019727800 1554   !   4       java.lang.ref.ReferenceQueue::remove (125 bytes)
Event: 78.000 Thread 0x0000000019727000 nmethod 1551 0x000000000355e090 code [0x000000000355e220, 0x000000000355e850]
Event: 78.003 Thread 0x0000000019727800 nmethod 1554 0x000000000355d310 code [0x000000000355d4a0, 0x000000000355dcb0]

GC Heap History (10 events):
Event: 77.983 GC heap before
{Heap before GC invocations=10 (full 1):
 PSYoungGen      total 38912K, used 30964K [0x00000000d6e00000, 0x00000000d9e00000, 0x0000000100000000)
  eden space 29696K, 100% used [0x00000000d6e00000,0x00000000d8b00000,0x00000000d8b00000)
  from space 9216K, 13% used [0x00000000d9480000,0x00000000d95bd048,0x00000000d9d80000)
  to   space 9728K, 0% used [0x00000000d8b00000,0x00000000d8b00000,0x00000000d9480000)
 ParOldGen       total 45568K, used 10581K [0x0000000084a00000, 0x0000000087680000, 0x00000000d6e00000)
  object space 45568K, 23% used [0x0000000084a00000,0x0000000085455458,0x0000000087680000)
 Metaspace       used 21135K, capacity 21468K, committed 21760K, reserved 1069056K
  class space    used 2656K, capacity 2731K, committed 2816K, reserved 1048576K
Event: 77.988 GC heap after
Heap after GC invocations=10 (full 1):
 PSYoungGen      total 33792K, used 4337K [0x00000000d6e00000, 0x00000000d9d80000, 0x0000000100000000)
  eden space 29184K, 0% used [0x00000000d6e00000,0x00000000d6e00000,0x00000000d8a80000)
  from space 4608K, 94% used [0x00000000d8b00000,0x00000000d8f3c778,0x00000000d8f80000)
  to   space 9728K, 0% used [0x00000000d9400000,0x00000000d9400000,0x00000000d9d80000)
 ParOldGen       total 45568K, used 10581K [0x0000000084a00000, 0x0000000087680000, 0x00000000d6e00000)
  object space 45568K, 23% used [0x0000000084a00000,0x0000000085455458,0x0000000087680000)
 Metaspace       used 21135K, capacity 21468K, committed 21760K, reserved 1069056K
  class space    used 2656K, capacity 2731K, committed 2816K, reserved 1048576K
}
Event: 79.647 GC heap before
{Heap before GC invocations=11 (full 1):
 PSYoungGen      total 33792K, used 33521K [0x00000000d6e00000, 0x00000000d9d80000, 0x0000000100000000)
  eden space 29184K, 100% used [0x00000000d6e00000,0x00000000d8a80000,0x00000000d8a80000)
  from space 4608K, 94% used [0x00000000d8b00000,0x00000000d8f3c778,0x00000000d8f80000)
  to   space 9728K, 0% used [0x00000000d9400000,0x00000000d9400000,0x00000000d9d80000)
 ParOldGen       total 45568K, used 10581K [0x0000000084a00000, 0x0000000087680000, 0x00000000d6e00000)
  object space 45568K, 23% used [0x0000000084a00000,0x0000000085455458,0x0000000087680000)
 Metaspace       used 21888K, capacity 22190K, committed 22400K, reserved 1069056K
  class space    used 2765K, capacity 2862K, committed 2944K, reserved 1048576K
Event: 79.650 GC heap after
Heap after GC invocations=11 (full 1):
 PSYoungGen      total 37888K, used 2130K [0x00000000d6e00000, 0x00000000d9d00000, 0x0000000100000000)
  eden space 28672K, 0% used [0x00000000d6e00000,0x00000000d6e00000,0x00000000d8a00000)
  from space 9216K, 23% used [0x00000000d9400000,0x00000000d9614bd0,0x00000000d9d00000)
  to   space 9728K, 0% used [0x00000000d8a00000,0x00000000d8a00000,0x00000000d9380000)
 ParOldGen       total 45568K, used 11075K [0x0000000084a00000, 0x0000000087680000, 0x00000000d6e00000)
  object space 45568K, 24% used [0x0000000084a00000,0x00000000854d0ea0,0x0000000087680000)
 Metaspace       used 21888K, capacity 22190K, committed 22400K, reserved 1069056K
  class space    used 2765K, capacity 2862K, committed 2944K, reserved 1048576K
}
Event: 81.862 GC heap before
{Heap before GC invocations=12 (full 1):
 PSYoungGen      total 37888K, used 30802K [0x00000000d6e00000, 0x00000000d9d00000, 0x0000000100000000)
  eden space 28672K, 100% used [0x00000000d6e00000,0x00000000d8a00000,0x00000000d8a00000)
  from space 9216K, 23% used [0x00000000d9400000,0x00000000d9614bd0,0x00000000d9d00000)
  to   space 9728K, 0% used [0x00000000d8a00000,0x00000000d8a00000,0x00000000d9380000)
 ParOldGen       total 45568K, used 11075K [0x0000000084a00000, 0x0000000087680000, 0x00000000d6e00000)
  object space 45568K, 24% used [0x0000000084a00000,0x00000000854d0ea0,0x0000000087680000)
 Metaspace       used 22404K, capacity 22734K, committed 23040K, reserved 1069056K
  class space    used 2857K, capacity 2958K, committed 3072K, reserved 1048576K
Event: 81.865 GC heap after
Heap after GC invocations=12 (full 1):
 PSYoungGen      total 30208K, used 1593K [0x00000000d6e00000, 0x00000000d9c80000, 0x0000000100000000)
  eden space 28160K, 0% used [0x00000000d6e00000,0x00000000d6e00000,0x00000000d8980000)
  from space 2048K, 77% used [0x00000000d8a00000,0x00000000d8b8e768,0x00000000d8c00000)
  to   space 9728K, 0% used [0x00000000d9300000,0x00000000d9300000,0x00000000d9c80000)
 ParOldGen       total 45568K, used 11565K [0x0000000084a00000, 0x0000000087680000, 0x00000000d6e00000)
  object space 45568K, 25% used [0x0000000084a00000,0x000000008554b7f8,0x0000000087680000)
 Metaspace       used 22404K, capacity 22734K, committed 23040K, reserved 1069056K
  class space    used 2857K, capacity 2958K, committed 3072K, reserved 1048576K
}
Event: 87.981 GC heap before
{Heap before GC invocations=13 (full 1):
 PSYoungGen      total 30208K, used 29753K [0x00000000d6e00000, 0x00000000d9c80000, 0x0000000100000000)
  eden space 28160K, 100% used [0x00000000d6e00000,0x00000000d8980000,0x00000000d8980000)
  from space 2048K, 77% used [0x00000000d8a00000,0x00000000d8b8e768,0x00000000d8c00000)
  to   space 9728K, 0% used [0x00000000d9300000,0x00000000d9300000,0x00000000d9c80000)
 ParOldGen       total 45568K, used 11565K [0x0000000084a00000, 0x0000000087680000, 0x00000000d6e00000)
  object space 45568K, 25% used [0x0000000084a00000,0x000000008554b7f8,0x0000000087680000)
 Metaspace       used 23755K, capacity 24126K, committed 24448K, reserved 1071104K
  class space    used 3043K, capacity 3158K, committed 3200K, reserved 1048576K
Event: 87.985 GC heap after
Heap after GC invocations=13 (full 1):
 PSYoungGen      total 36864K, used 2273K [0x00000000d6e00000, 0x00000000d9c00000, 0x0000000100000000)
  eden space 27648K, 0% used [0x00000000d6e00000,0x00000000d6e00000,0x00000000d8900000)
  from space 9216K, 24% used [0x00000000d9300000,0x00000000d95384f8,0x00000000d9c00000)
  to   space 9728K, 0% used [0x00000000d8900000,0x00000000d8900000,0x00000000d9280000)
 ParOldGen       total 45568K, used 11869K [0x0000000084a00000, 0x0000000087680000, 0x00000000d6e00000)
  object space 45568K, 26% used [0x0000000084a00000,0x00000000855977f8,0x0000000087680000)
 Metaspace       used 23755K, capacity 24126K, committed 24448K, reserved 1071104K
  class space    used 3043K, capacity 3158K, committed 3200K, reserved 1048576K
}
Event: 89.884 GC heap before
{Heap before GC invocations=14 (full 1):
 PSYoungGen      total 36864K, used 29921K [0x00000000d6e00000, 0x00000000d9c00000, 0x0000000100000000)
  eden space 27648K, 100% used [0x00000000d6e00000,0x00000000d8900000,0x00000000d8900000)
  from space 9216K, 24% used [0x00000000d9300000,0x00000000d95384f8,0x00000000d9c00000)
  to   space 9728K, 0% used [0x00000000d8900000,0x00000000d8900000,0x00000000d9280000)
 ParOldGen       total 45568K, used 11869K [0x0000000084a00000, 0x0000000087680000, 0x00000000d6e00000)
  object space 45568K, 26% used [0x0000000084a00000,0x00000000855977f8,0x0000000087680000)
 Metaspace       used 25840K, capacity 26180K, committed 26496K, reserved 1073152K
  class space    used 3309K, capacity 3415K, committed 3456K, reserved 1048576K
Event: 89.888 GC heap after
Heap after GC invocations=14 (full 1):
 PSYoungGen      total 30208K, used 2590K [0x00000000d6e00000, 0x00000000d9b80000, 0x0000000100000000)
  eden space 27136K, 0% used [0x00000000d6e00000,0x00000000d6e00000,0x00000000d8880000)
  from space 3072K, 84% used [0x00000000d8900000,0x00000000d8b878d8,0x00000000d8c00000)
  to   space 9728K, 0% used [0x00000000d9200000,0x00000000d9200000,0x00000000d9b80000)
 ParOldGen       total 45568K, used 13296K [0x0000000084a00000, 0x0000000087680000, 0x00000000d6e00000)
  object space 45568K, 29% used [0x0000000084a00000,0x00000000856fc2d8,0x0000000087680000)
 Metaspace       used 25840K, capacity 26180K, committed 26496K, reserved 1073152K
  class space    used 3309K, capacity 3415K, committed 3456K, reserved 1048576K
}

Deoptimization events (10 events):
Event: 3.388 Thread 0x0000000002f39000 Uncommon trap: reason=predicate action=maybe_recompile pc=0x0000000003457d04 method=java.lang.String.regionMatches(ZILjava/lang/String;II)Z @ 63
Event: 3.481 Thread 0x0000000002f39000 Uncommon trap: reason=unstable_if action=reinterpret pc=0x0000000003485f98 method=java.net.URL.<init>(Ljava/net/URL;Ljava/lang/String;Ljava/net/URLStreamHandler;)V @ 347
Event: 50.298 Thread 0x0000000019ea3000 Uncommon trap: reason=unstable_if action=reinterpret pc=0x0000000003592de8 method=com.sun.org.apache.xerces.internal.impl.XMLEntityScanner.scanLiteral(ILcom/sun/org/apache/xerces/internal/xni/XMLString;)I @ 563
Event: 50.372 Thread 0x0000000019ea3000 Uncommon trap: reason=unstable_if action=reinterpret pc=0x00000000035c35bc method=com.sun.org.apache.xerces.internal.util.SymbolTable.addSymbol([CII)Ljava/lang/String; @ 38
Event: 50.535 Thread 0x0000000019ea3000 Uncommon trap: reason=unstable_if action=reinterpret pc=0x000000000361bb64 method=org.apache.tomcat.util.IntrospectionUtils.setProperty(Ljava/lang/Object;Ljava/lang/String;Ljava/lang/String;Z)Z @ 196
Event: 52.838 Thread 0x0000000002f39000 Uncommon trap: reason=unstable_if action=reinterpret pc=0x0000000003388638 method=java.lang.AbstractStringBuilder.append(Ljava/lang/String;)Ljava/lang/AbstractStringBuilder; @ 1
Event: 52.838 Thread 0x0000000002f39000 Uncommon trap: reason=unstable_if action=reinterpret pc=0x0000000003340de4 method=java.lang.AbstractStringBuilder.append(Ljava/lang/String;)Ljava/lang/AbstractStringBuilder; @ 1
Event: 60.828 Thread 0x0000000019ea3000 Uncommon trap: reason=class_check action=maybe_recompile pc=0x00000000034fc61c method=java.util.regex.Matcher.search(I)Z @ 86
Event: 69.620 Thread 0x0000000019ea3000 Uncommon trap: reason=unstable_if action=reinterpret pc=0x00000000034deb10 method=java.util.HashMap.hash(Ljava/lang/Object;)I @ 1
Event: 69.621 Thread 0x0000000019ea3000 Uncommon trap: reason=unstable_if action=reinterpret pc=0x0000000003381aec method=java.util.HashMap.hash(Ljava/lang/Object;)I @ 1

Internal exceptions (10 events):
Event: 90.262 Thread 0x0000000002f39000 Exception <a 'java/lang/ClassNotFoundException': org/springframework/boot/context/embedded/EmbeddedServletContainerCustomizerBeanPostProcessorCustomizer> (0x00000000d7431268) thrown at [C:\re\workspace\8-2-build-windows-amd64-cygwin\jdk8u91\6644\hotspot\sr+ˇ¿q$ëV@
Event: 90.268 Thread 0x0000000002f39000 Exception <a 'java/lang/ClassNotFoundException': org/springframework/beans/factory/config/BeanPostProcessorCustomizer> (0x00000000d7454b48) thrown at [C:\re\workspace\8-2-build-windows-amd64-cygwin\jdk8u91\6644\hotspot\src\share\vm\classfile\systemDictiona¡\∫gëV@
Event: 90.272 Thread 0x0000000002f39000 Exception <a 'java/lang/ClassNotFoundException': org/springframework/context/ApplicationContextAwareCustomizer> (0x00000000d7472a38) thrown at [C:\re\workspace\8-2-build-windows-amd64-cygwin\jdk8u91\6644\hotspot\src\share\vm\classfile\systemDictionary.cpp,
Event: 90.297 Thread 0x0000000002f39000 Exception <a 'java/lang/ClassNotFoundException': java/lang/ObjectCustomizer> (0x00000000d74c5110) thrown at [C:\re\workspace\8-2-build-windows-amd64-cygwin\jdk8u91\6644\hotspot\src\share\vm\classfile\systemDictionary.cpp, line 210]
Event: 90.302 Thread 0x0000000002f39000 Exception <a 'java/lang/ClassNotFoundException': org/springframework/boot/web/servlet/ErrorPageRegistrarBeanPostProcessorCustomizer> (0x00000000d74eace0) thrown at [C:\re\workspace\8-2-build-windows-amd64-cygwin\jdk8u91\6644\hotspot\src\share\vm\classfile\î·{'≥ìV@
Event: 90.308 Thread 0x0000000002f39000 Exception <a 'java/lang/ClassNotFoundException': org/springframework/beans/factory/config/BeanPostProcessorCustomizer> (0x00000000d750e600) thrown at [C:\re\workspace\8-2-build-windows-amd64-cygwin\jdk8u91\6644\hotspot\src\share\vm\classfile\systemDictiona~LˆìV@
Event: 90.312 Thread 0x0000000002f39000 Exception <a 'java/lang/ClassNotFoundException': org/springframework/context/ApplicationContextAwareCustomizer> (0x00000000d752c2f0) thrown at [C:\re\workspace\8-2-build-windows-amd64-cygwin\jdk8u91\6644\hotspot\src\share\vm\classfile\systemDictionary.cpp,LÂ2)ïV@
Event: 90.331 Thread 0x0000000002f39000 Exception <a 'java/lang/ClassNotFoundException': java/lang/ObjectCustomizer> (0x00000000d755d480) thrown at [C:\re\workspace\8-2-build-windows-amd64-cygwin\jdk8u91\6644\hotspot\src\share\vm\classfile\systemDictionary.cpp, line 210]
Event: 90.336 Thread 0x0000000002f39000 Exception <a 'java/lang/ClassNotFoundException': org/springframework/boot/autoconfigure/orm/jpa/DataSourceInitializedPublisherCustomizer> (0x00000000d7585088) thrown at [C:\re\workspace\8-2-build-windows-amd64-cygwin\jdk8u91\6644\hotspot\src\share\vm\class⁄HeÃïV@
Event: 90.341 Thread 0x0000000002f39000 Exception <a 'java/lang/ClassNotFoundException': org/springframework/beans/factory/config/BeanPostProcessorCustomizer> (0x00000000d75a6fb0) thrown at [C:\re\workspace\8-2-build-windows-amd64-cygwin\jdk8u91\6644\hotspot\src\share\vm\classfile\systemDictionaKáÆ«êV@

Events (10 events):
Event: 171.822 Executing VM operation: ChangeBreakpoints
Event: 171.822 Executing VM operation: ChangeBreakpoints done
Event: 171.822 Executing VM operation: ChangeBreakpoints
Event: 171.823 Executing VM operation: ChangeBreakpoints done
Event: 171.834 Thread 0x0000000017add000 DEOPT PACKING pc=0x00000000032f616c sp=0x000000001950e040
Event: 171.834 Thread 0x0000000017add000 DEOPT UNPACKING pc=0x000000000318787f sp=0x000000001950dd78 mode 1
Event: 171.838 Executing VM operation: RedefineClasses
Event: 171.851 Executing VM operation: RedefineClasses done
Event: 171.852 Executing VM operation: GetOrSetLocal
Event: 171.852 Executing VM operation: GetOrSetLocal done


Dynamic libraries:
0x00007ff78a040000 - 0x00007ff78a077000 	C:\Program Files\Java\jdk1.8.0_91\bin\java.exe
0x00007ff9e7b20000 - 0x00007ff9e7cf1000 	C:\WINDOWS\SYSTEM32\ntdll.dll
0x00007ff9e7880000 - 0x00007ff9e792b000 	C:\WINDOWS\System32\KERNEL32.DLL
0x00007ff9e42d0000 - 0x00007ff9e44ed000 	C:\WINDOWS\System32\KERNELBASE.dll
0x00007ff9e7a70000 - 0x00007ff9e7b12000 	C:\WINDOWS\System32\ADVAPI32.dll
0x00007ff9e7600000 - 0x00007ff9e769e000 	C:\WINDOWS\System32\msvcrt.dll
0x00007ff9e50b0000 - 0x00007ff9e5109000 	C:\WINDOWS\System32\sechost.dll
0x00007ff9e7940000 - 0x00007ff9e7a61000 	C:\WINDOWS\System32\RPCRT4.dll
0x00007ff9e7180000 - 0x00007ff9e72e5000 	C:\WINDOWS\System32\USER32.dll
0x00007ff9e5090000 - 0x00007ff9e50ae000 	C:\WINDOWS\System32\win32u.dll
0x00007ff9e7560000 - 0x00007ff9e7594000 	C:\WINDOWS\System32\GDI32.dll
0x00007ff9e4590000 - 0x00007ff9e4712000 	C:\WINDOWS\System32\gdi32full.dll
0x00007ff9d8f00000 - 0x00007ff9d9179000 	C:\WINDOWS\WinSxS\amd64_microsoft.windows.common-controls_6595b64144ccf1df_6.0.14393.0_none_2d0f50fcbdb171b8\COMCTL32.dll
0x00007ff9e6eb0000 - 0x00007ff9e7177000 	C:\WINDOWS\System32\combase.dll
0x00007ff9e41d0000 - 0x00007ff9e42c5000 	C:\WINDOWS\System32\ucrtbase.dll
0x00007ff9e4e00000 - 0x00007ff9e4e6a000 	C:\WINDOWS\System32\bcryptPrimitives.dll
0x00007ff9e5110000 - 0x00007ff9e513e000 	C:\WINDOWS\System32\IMM32.DLL
0x0000000053720000 - 0x00000000537f2000 	C:\Program Files\Java\jdk1.8.0_91\jre\bin\msvcr100.dll
0x0000000053800000 - 0x0000000054093000 	C:\Program Files\Java\jdk1.8.0_91\jre\bin\server\jvm.dll
0x00007ff9e6da0000 - 0x00007ff9e6da8000 	C:\WINDOWS\System32\PSAPI.DLL
0x00007ff9d3510000 - 0x00007ff9d3519000 	C:\WINDOWS\SYSTEM32\WSOCK32.dll
0x00007ff9e24c0000 - 0x00007ff9e24e3000 	C:\WINDOWS\SYSTEM32\WINMM.dll
0x00007ff9e7490000 - 0x00007ff9e74fa000 	C:\WINDOWS\System32\WS2_32.dll
0x00007ff9d7b40000 - 0x00007ff9d7b4a000 	C:\WINDOWS\SYSTEM32\VERSION.dll
0x00007ff9e2460000 - 0x00007ff9e248b000 	C:\WINDOWS\SYSTEM32\WINMMBASE.dll
0x00007ff9e5040000 - 0x00007ff9e5082000 	C:\WINDOWS\System32\cfgmgr32.dll
0x0000000054420000 - 0x000000005442f000 	C:\Program Files\Java\jdk1.8.0_91\jre\bin\verify.dll
0x00000000543f0000 - 0x0000000054419000 	C:\Program Files\Java\jdk1.8.0_91\jre\bin\java.dll
0x0000000051800000 - 0x0000000051835000 	C:\Program Files\Java\jdk1.8.0_91\jre\bin\jdwp.dll
0x00000000517f0000 - 0x00000000517f8000 	C:\Program Files\Java\jdk1.8.0_91\jre\bin\npt.dll
0x00000000517c0000 - 0x00000000517e3000 	C:\Program Files\Java\jdk1.8.0_91\jre\bin\instrument.dll
0x0000000053700000 - 0x0000000053716000 	C:\Program Files\Java\jdk1.8.0_91\jre\bin\zip.dll
0x00007ff9e5890000 - 0x00007ff9e6d98000 	C:\WINDOWS\System32\SHELL32.dll
0x00007ff9e4720000 - 0x00007ff9e4dfa000 	C:\WINDOWS\System32\windows.storage.dll
0x00007ff9e3fa0000 - 0x00007ff9e3fec000 	C:\WINDOWS\System32\powrprof.dll
0x00007ff9e7500000 - 0x00007ff9e7552000 	C:\WINDOWS\System32\shlwapi.dll
0x00007ff9e3f80000 - 0x00007ff9e3f8f000 	C:\WINDOWS\System32\kernel.appcore.dll
0x00007ff9e40c0000 - 0x00007ff9e4169000 	C:\WINDOWS\System32\shcore.dll
0x00007ff9e3ff0000 - 0x00007ff9e4004000 	C:\WINDOWS\System32\profapi.dll
0x00000000517b0000 - 0x00000000517b9000 	C:\Program Files\Java\jdk1.8.0_91\jre\bin\dt_socket.dll
0x00007ff9e36d0000 - 0x00007ff9e372c000 	C:\WINDOWS\system32\mswsock.dll
0x00000000534c0000 - 0x00000000534cd000 	C:\Program Files\Java\jdk1.8.0_91\jre\bin\management.dll
0x00000000536e0000 - 0x00000000536fa000 	C:\Program Files\Java\jdk1.8.0_91\jre\bin\net.dll
0x00007ff9d10e0000 - 0x00007ff9d10f6000 	C:\WINDOWS\system32\napinsp.dll
0x00007ff9d1110000 - 0x00007ff9d112a000 	C:\WINDOWS\system32\pnrpnsp.dll
0x00007ff9e21f0000 - 0x00007ff9e2208000 	C:\WINDOWS\system32\NLAapi.dll
0x00007ff9e34a0000 - 0x00007ff9e3540000 	C:\WINDOWS\SYSTEM32\DNSAPI.dll
0x00007ff9e51c0000 - 0x00007ff9e51c8000 	C:\WINDOWS\System32\NSI.dll
0x00007ff9e3460000 - 0x00007ff9e3498000 	C:\WINDOWS\SYSTEM32\IPHLPAPI.DLL
0x00007ff9d1100000 - 0x00007ff9d110e000 	C:\WINDOWS\System32\winrnr.dll
0x00007ff9d1130000 - 0x00007ff9d1145000 	C:\WINDOWS\System32\wshbth.dll
0x00007ff9d5600000 - 0x00007ff9d560a000 	C:\Windows\System32\rasadhlp.dll
0x00007ff9df210000 - 0x00007ff9df27a000 	C:\WINDOWS\System32\fwpuclnt.dll
0x00007ff9e3ec0000 - 0x00007ff9e3eeb000 	C:\WINDOWS\SYSTEM32\bcrypt.dll
0x00000000536c0000 - 0x00000000536d1000 	C:\Program Files\Java\jdk1.8.0_91\jre\bin\nio.dll
0x00007ff9d3220000 - 0x00007ff9d33b2000 	C:\WINDOWS\SYSTEM32\dbghelp.dll

VM Arguments:
jvm_args: -agentlib:jdwp=transport=dt_socket,address=127.0.0.1:51376,suspend=y,server=n -ea -javaagent:C:\Users\maxtropy\.IntelliJIdea2016.2\system\groovyHotSwap\gragent.jar -Didea.junit.sm_runner -Dfile.encoding=UTF-8 
java_command: com.intellij.rt.execution.junit.JUnitStarter -ideVersion5 com.example.UserauthorizetestApplicationTests,contextLoads
java_class_path (initial): C:\Program Files (x86)\JetBrains\IntelliJ IDEA 2016.2\lib\idea_rt.jar;C:\Program Files (x86)\JetBrains\IntelliJ IDEA 2016.2\plugins\junit\lib\junit-rt.jar;C:\Program Files\Java\jdk1.8.0_91\jre\lib\charsets.jar;C:\Program Files\Java\jdk1.8.0_91\jre\lib\deploy.jar;C:\Program Files\Java\jdk1.8.0_91\jre\lib\ext\access-bridge-64.jar;C:\Program Files\Java\jdk1.8.0_91\jre\lib\ext\cldrdata.jar;C:\Program Files\Java\jdk1.8.0_91\jre\lib\ext\dnsns.jar;C:\Program Files\Java\jdk1.8.0_91\jre\lib\ext\jaccess.jar;C:\Program Files\Java\jdk1.8.0_91\jre\lib\ext\jfxrt.jar;C:\Program Files\Java\jdk1.8.0_91\jre\lib\ext\localedata.jar;C:\Program Files\Java\jdk1.8.0_91\jre\lib\ext\nashorn.jar;C:\Program Files\Java\jdk1.8.0_91\jre\lib\ext\sunec.jar;C:\Program Files\Java\jdk1.8.0_91\jre\lib\ext\sunjce_provider.jar;C:\Program Files\Java\jdk1.8.0_91\jre\lib\ext\sunmscapi.jar;C:\Program Files\Java\jdk1.8.0_91\jre\lib\ext\sunpkcs11.jar;C:\Program Files\Java\jdk1.8.0_91\jre\lib\ext\zipfs.jar;C:\Program Files\Java\jdk1.8.0_91\jre\lib\javaws.jar;C:\Program Files\Java\jdk1.8.0_91\jre\lib\jce.jar;C:\Program Files\Java\jdk1.8.0_91\jre\lib\jfr.jar;C:\Program Files\Java\jdk1.8.0_91\jre\lib\jfxswt.jar;C:\Program Files\Java\jdk1.8.0_91\jre\lib\jsse.jar;C:\Program Files\Java\jdk1.8.0_91\jre\lib\management-agent.jar;C:\Program Files\Java\jdk1.8.0_91\jre\lib\plugin.jar;C:\Program Files\Java\jdk1.8.0_91\jre\lib\resources.jar;C:\Program Files\Java\jdk1.8.0_91\jre\lib\rt.jar;C:\Users\maxtropy\Documents\userauthorizetest\build\classes\test;C:\Users\maxtropy\Documents\userauthorizetest\build\classes\main;C:\Users\maxtropy\Documents\userauthorizetest\build\resources\main;C:\Users\maxtropy\.gradle\caches\modules-2\files-2.1\org.springframework.boot\spring-boot-starter\1.4.0.RELEASE\9eb9be27958cc17de9673a6fbbdaf16fb65a7fdc\spring-boot-starter-1.4.0.RELEASE.jar;C:\Users\maxtropy\.gradle\caches\modules-2\files-2.1\org.springframework.boot\spring-boot-starter-data-jpa\1.4.0.RELEASE\d373fd56
Launcher Type: SUN_STANDARD

Environment Variables:
JAVA_HOME=C:\Program Files\Java\jdk1.8.0_91
CLASSPATH=C:\Program Files\Java\jdk1.8.0_91\lib;C:\Program Files\Java\jdk1.8.0_91\lib\tools.jar;.C:\Program Files (x86)\scala\bin;C:\Program Files (x86)\scala\lib\dt.jar;C:\Program Files (x86)\scala\lib\tools.jar.;
PATH=C:\ProgramData\Oracle\Java\javapath;C:\WINDOWS\system32;C:\WINDOWS;C:\WINDOWS\System32\Wbem;C:\WINDOWS\System32\WindowsPowerShell\v1.0\;C:\Program Files\Java\jdk1.8.0_91\bin;C:\Program Files\Java\jdk1.8.0_91\jre\bin;C:\Program Files\Java\gradle-2.14\BIN;C:\Program Files (x86)\sbt\\bin;C:\Program Files (x86)\scala\bin;C:\Program Files (x86)\scala\bin;C:\Program Files (x86)\scala\jre\bin;D:\vagrant\bin;D:\git\Git\cmd;D:\git\Git\mingw32\bin;D:\git\Git\usr\bin;F:\Python-3.4.5;C:\Python27;C:\Users\maxtropy\bin;C:\Users\maxtropy\AppData\Local\Microsoft\WindowsApps;
USERNAME=maxtropy
OS=Windows_NT
PROCESSOR_IDENTIFIER=Intel64 Family 6 Model 78 Stepping 3, GenuineIntel



---------------  S Y S T E M  ---------------

OS: Windows 10.0 , 64 bit Build 14393 (10.0.14393.0)

CPU:total 4 (2 cores per cpu, 2 threads per core) family 6 model 78 stepping 3, cmov, cx8, fxsr, mmx, sse, sse2, sse3, ssse3, sse4.1, sse4.2, popcnt, avx, avx2, aes, clmul, erms, 3dnowpref, lzcnt, ht, tsc, tscinvbit, bmi1, bmi2, adx

Memory: 4k page, physical 8080840k(2976108k free), swap 18042312k(10169792k free)

vm_info: Java HotSpot(TM) 64-Bit Server VM (25.91-b14) for windows-amd64 JRE (1.8.0_91-b14), built on Apr  1 2016 00:58:32 by "java_re" with MS VC++ 10.0 (VS2010)

time: Thu Oct 20 13:48:07 2016
elapsed time: 171 seconds (0d 0h 2m 51s)

